<?xml version="1.0" encoding="UTF-8"?>
<testng-results ignored="8" total="13" passed="5" failed="0" skipped="0">
  <reporter-output>
  </reporter-output>
  <suite started-at="2021-05-07T23:42:10 IST" name="Suite" finished-at="2021-05-07T23:46:46 IST" duration-ms="275830">
    <groups>
    </groups>
    <test started-at="2021-05-07T23:42:10 IST" name="Test" finished-at="2021-05-07T23:46:46 IST" duration-ms="275830">
      <class name="com.crm.autodesk.seperattestscriptassg.CreatePOwithItemandclickonUpwardsymbolTest">
        <test-method is-config="true" signature="configBC()[pri:0, instance:com.crm.autodesk.seperattestscriptassg.CreatePOwithItemandclickonUpwardsymbolTest@272ed83b]" started-at="2021-05-07T23:43:33 IST" name="configBC" finished-at="2021-05-07T23:43:39 IST" duration-ms="6070" status="PASS">
          <reporter-output>
          </reporter-output>
        </test-method> <!-- configBC -->
        <test-method is-config="true" signature="configBM()[pri:0, instance:com.crm.autodesk.seperattestscriptassg.CreatePOwithItemandclickonUpwardsymbolTest@272ed83b]" started-at="2021-05-07T23:43:39 IST" name="configBM" finished-at="2021-05-07T23:44:01 IST" duration-ms="21959" status="PASS">
          <reporter-output>
          </reporter-output>
        </test-method> <!-- configBM -->
        <test-method signature="CreatePOwithItemandclickonUpwardsymbol()[pri:0, instance:com.crm.autodesk.seperattestscriptassg.CreatePOwithItemandclickonUpwardsymbolTest@272ed83b]" started-at="2021-05-07T23:44:01 IST" name="CreatePOwithItemandclickonUpwardsymbol" finished-at="2021-05-07T23:45:01 IST" duration-ms="60226" status="PASS">
          <reporter-output>
          </reporter-output>
        </test-method> <!-- CreatePOwithItemandclickonUpwardsymbol -->
        <test-method is-config="true" signature="configAM()[pri:0, instance:com.crm.autodesk.seperattestscriptassg.CreatePOwithItemandclickonUpwardsymbolTest@272ed83b]" started-at="2021-05-07T23:45:01 IST" name="configAM" finished-at="2021-05-07T23:45:07 IST" duration-ms="5409" status="PASS">
          <reporter-output>
          </reporter-output>
        </test-method> <!-- configAM -->
        <test-method is-config="true" signature="configAC()[pri:0, instance:com.crm.autodesk.seperattestscriptassg.CreatePOwithItemandclickonUpwardsymbolTest@272ed83b]" started-at="2021-05-07T23:45:07 IST" name="configAC" finished-at="2021-05-07T23:45:08 IST" duration-ms="902" status="PASS">
          <reporter-output>
          </reporter-output>
        </test-method> <!-- configAC -->
      </class> <!-- com.crm.autodesk.seperattestscriptassg.CreatePOwithItemandclickonUpwardsymbolTest -->
      <class name="com.crm.autodesk.seperattestscriptassg.CreatePurchaseorderwithItemandDeleteTest">
        <test-method is-config="true" signature="configBS()[pri:0, instance:com.crm.autodesk.seperattestscriptassg.CreatePurchaseorderwithItemandDeleteTest@1ba9117e]" started-at="2021-05-07T23:42:10 IST" name="configBS" finished-at="2021-05-07T23:42:10 IST" duration-ms="17" status="PASS">
          <reporter-output>
          </reporter-output>
        </test-method> <!-- configBS -->
        <test-method is-config="true" signature="configBC()[pri:0, instance:com.crm.autodesk.seperattestscriptassg.CreatePurchaseorderwithItemandDeleteTest@1ba9117e]" started-at="2021-05-07T23:42:10 IST" name="configBC" finished-at="2021-05-07T23:42:19 IST" duration-ms="8858" status="PASS">
          <reporter-output>
          </reporter-output>
        </test-method> <!-- configBC -->
        <test-method is-config="true" signature="configBM()[pri:0, instance:com.crm.autodesk.seperattestscriptassg.CreatePurchaseorderwithItemandDeleteTest@1ba9117e]" started-at="2021-05-07T23:42:19 IST" name="configBM" finished-at="2021-05-07T23:42:35 IST" duration-ms="15745" status="PASS">
          <reporter-output>
          </reporter-output>
        </test-method> <!-- configBM -->
        <test-method signature="CreatePurchaseorderwithItemandDelete()[pri:0, instance:com.crm.autodesk.seperattestscriptassg.CreatePurchaseorderwithItemandDeleteTest@1ba9117e]" started-at="2021-05-07T23:42:35 IST" name="CreatePurchaseorderwithItemandDelete" finished-at="2021-05-07T23:43:28 IST" duration-ms="53347" status="PASS">
          <reporter-output>
          </reporter-output>
        </test-method> <!-- CreatePurchaseorderwithItemandDelete -->
        <test-method is-config="true" signature="configAM()[pri:0, instance:com.crm.autodesk.seperattestscriptassg.CreatePurchaseorderwithItemandDeleteTest@1ba9117e]" started-at="2021-05-07T23:43:28 IST" name="configAM" finished-at="2021-05-07T23:43:32 IST" duration-ms="4151" status="PASS">
          <reporter-output>
          </reporter-output>
        </test-method> <!-- configAM -->
        <test-method is-config="true" signature="configAC()[pri:0, instance:com.crm.autodesk.seperattestscriptassg.CreatePurchaseorderwithItemandDeleteTest@1ba9117e]" started-at="2021-05-07T23:43:32 IST" name="configAC" finished-at="2021-05-07T23:43:33 IST" duration-ms="1168" status="PASS">
          <reporter-output>
          </reporter-output>
        </test-method> <!-- configAC -->
        <test-method is-config="true" signature="configAS()[pri:0, instance:com.crm.autodesk.seperattestscriptassg.CreatePurchaseorderwithItemandDeleteTest@1ba9117e]" started-at="2021-05-07T23:46:46 IST" name="configAS" finished-at="2021-05-07T23:46:46 IST" duration-ms="1" status="PASS">
          <reporter-output>
          </reporter-output>
        </test-method> <!-- configAS -->
      </class> <!-- com.crm.autodesk.seperattestscriptassg.CreatePurchaseorderwithItemandDeleteTest -->
      <class name="com.crm.autodesk.seperattestscriptassg.CreatePurchaseOrderWithItemAndCreateAddServiceTest">
        <test-method is-config="true" signature="configBC()[pri:0, instance:com.crm.autodesk.seperattestscriptassg.CreatePurchaseOrderWithItemAndCreateAddServiceTest@732c2a62]" started-at="2021-05-07T23:42:10 IST" name="configBC" finished-at="2021-05-07T23:42:18 IST" duration-ms="8396" status="PASS">
          <reporter-output>
          </reporter-output>
        </test-method> <!-- configBC -->
        <test-method is-config="true" signature="configBM()[pri:0, instance:com.crm.autodesk.seperattestscriptassg.CreatePurchaseOrderWithItemAndCreateAddServiceTest@732c2a62]" started-at="2021-05-07T23:42:18 IST" name="configBM" finished-at="2021-05-07T23:42:30 IST" duration-ms="11230" status="PASS">
          <reporter-output>
          </reporter-output>
        </test-method> <!-- configBM -->
        <test-method signature="CreatePurchaseOrderWithItemAndCreateAddService()[pri:0, instance:com.crm.autodesk.seperattestscriptassg.CreatePurchaseOrderWithItemAndCreateAddServiceTest@732c2a62]" started-at="2021-05-07T23:42:30 IST" name="CreatePurchaseOrderWithItemAndCreateAddService" finished-at="2021-05-07T23:44:47 IST" duration-ms="137319" status="PASS">
          <reporter-output>
          </reporter-output>
        </test-method> <!-- CreatePurchaseOrderWithItemAndCreateAddService -->
        <test-method is-config="true" signature="configAM()[pri:0, instance:com.crm.autodesk.seperattestscriptassg.CreatePurchaseOrderWithItemAndCreateAddServiceTest@732c2a62]" started-at="2021-05-07T23:44:47 IST" name="configAM" finished-at="2021-05-07T23:44:52 IST" duration-ms="5036" status="PASS">
          <reporter-output>
          </reporter-output>
        </test-method> <!-- configAM -->
        <test-method is-config="true" signature="configAC()[pri:0, instance:com.crm.autodesk.seperattestscriptassg.CreatePurchaseOrderWithItemAndCreateAddServiceTest@732c2a62]" started-at="2021-05-07T23:44:52 IST" name="configAC" finished-at="2021-05-07T23:44:52 IST" duration-ms="341" status="PASS">
          <reporter-output>
          </reporter-output>
        </test-method> <!-- configAC -->
      </class> <!-- com.crm.autodesk.seperattestscriptassg.CreatePurchaseOrderWithItemAndCreateAddServiceTest -->
      <class name="com.crm.autodesk.seperattestscriptassg.CreatePurchaseorderWithItemandAddProductTest">
        <test-method is-config="true" signature="configBC()[pri:0, instance:com.crm.autodesk.seperattestscriptassg.CreatePurchaseorderWithItemandAddProductTest@41fecb8b]" started-at="2021-05-07T23:44:52 IST" name="configBC" finished-at="2021-05-07T23:44:58 IST" duration-ms="6192" status="PASS">
          <reporter-output>
          </reporter-output>
        </test-method> <!-- configBC -->
        <test-method is-config="true" signature="configBM()[pri:0, instance:com.crm.autodesk.seperattestscriptassg.CreatePurchaseorderWithItemandAddProductTest@41fecb8b]" started-at="2021-05-07T23:44:58 IST" name="configBM" finished-at="2021-05-07T23:45:23 IST" duration-ms="24693" status="PASS">
          <reporter-output>
          </reporter-output>
        </test-method> <!-- configBM -->
        <test-method signature="CreatePurchaseorderWithItemandAddProduct()[pri:0, instance:com.crm.autodesk.seperattestscriptassg.CreatePurchaseorderWithItemandAddProductTest@41fecb8b]" started-at="2021-05-07T23:45:23 IST" name="CreatePurchaseorderWithItemandAddProduct" finished-at="2021-05-07T23:46:41 IST" duration-ms="78176" status="PASS">
          <reporter-output>
          </reporter-output>
        </test-method> <!-- CreatePurchaseorderWithItemandAddProduct -->
        <test-method is-config="true" signature="configAM()[pri:0, instance:com.crm.autodesk.seperattestscriptassg.CreatePurchaseorderWithItemandAddProductTest@41fecb8b]" started-at="2021-05-07T23:46:41 IST" name="configAM" finished-at="2021-05-07T23:46:45 IST" duration-ms="4086" status="PASS">
          <reporter-output>
          </reporter-output>
        </test-method> <!-- configAM -->
        <test-method is-config="true" signature="configAC()[pri:0, instance:com.crm.autodesk.seperattestscriptassg.CreatePurchaseorderWithItemandAddProductTest@41fecb8b]" started-at="2021-05-07T23:46:45 IST" name="configAC" finished-at="2021-05-07T23:46:46 IST" duration-ms="305" status="PASS">
          <reporter-output>
          </reporter-output>
        </test-method> <!-- configAC -->
      </class> <!-- com.crm.autodesk.seperattestscriptassg.CreatePurchaseorderWithItemandAddProductTest -->
      <class name="com.crm.autodesk.seperattestscriptassg.CreatePOwithItemandclickonDownwardSymbolTest">
        <test-method is-config="true" signature="configBC()[pri:0, instance:com.crm.autodesk.seperattestscriptassg.CreatePOwithItemandclickonDownwardSymbolTest@120f102b]" started-at="2021-05-07T23:45:08 IST" name="configBC" finished-at="2021-05-07T23:45:16 IST" duration-ms="7977" status="PASS">
          <reporter-output>
          </reporter-output>
        </test-method> <!-- configBC -->
        <test-method is-config="true" signature="configBM()[pri:0, instance:com.crm.autodesk.seperattestscriptassg.CreatePOwithItemandclickonDownwardSymbolTest@120f102b]" started-at="2021-05-07T23:45:16 IST" name="configBM" finished-at="2021-05-07T23:45:26 IST" duration-ms="10170" status="PASS">
          <reporter-output>
          </reporter-output>
        </test-method> <!-- configBM -->
        <test-method signature="CreatePOwithItemandclickonDownwardSymbol()[pri:0, instance:com.crm.autodesk.seperattestscriptassg.CreatePOwithItemandclickonDownwardSymbolTest@120f102b]" started-at="2021-05-07T23:45:26 IST" name="CreatePOwithItemandclickonDownwardSymbol" finished-at="2021-05-07T23:46:31 IST" duration-ms="64955" status="PASS">
          <reporter-output>
          </reporter-output>
        </test-method> <!-- CreatePOwithItemandclickonDownwardSymbol -->
        <test-method is-config="true" signature="configAM()[pri:0, instance:com.crm.autodesk.seperattestscriptassg.CreatePOwithItemandclickonDownwardSymbolTest@120f102b]" started-at="2021-05-07T23:46:31 IST" name="configAM" finished-at="2021-05-07T23:46:44 IST" duration-ms="13122" status="PASS">
          <reporter-output>
          </reporter-output>
        </test-method> <!-- configAM -->
        <test-method is-config="true" signature="configAC()[pri:0, instance:com.crm.autodesk.seperattestscriptassg.CreatePOwithItemandclickonDownwardSymbolTest@120f102b]" started-at="2021-05-07T23:46:44 IST" name="configAC" finished-at="2021-05-07T23:46:44 IST" duration-ms="435" status="PASS">
          <reporter-output>
          </reporter-output>
        </test-method> <!-- configAC -->
      </class> <!-- com.crm.autodesk.seperattestscriptassg.CreatePOwithItemandclickonDownwardSymbolTest -->
    </test> <!-- Test -->
  </suite> <!-- Suite -->
</testng-results>
